[2020-12-24 22:45:59,948] {scheduler_job.py:154} INFO - Started process (PID=4599) to work on /Users/abdelrahman/Desktop/Semester_9/DE/Project/Project1/Project-Final/Project-repo/project-milestone-1-hakuna-matata/airflow/dags/Project1.py
[2020-12-24 22:45:59,954] {scheduler_job.py:1562} INFO - Processing file /Users/abdelrahman/Desktop/Semester_9/DE/Project/Project1/Project-Final/Project-repo/project-milestone-1-hakuna-matata/airflow/dags/Project1.py for tasks to queue
[2020-12-24 22:45:59,955] {logging_mixin.py:112} INFO - [2020-12-24 22:45:59,955] {dagbag.py:396} INFO - Filling up the DagBag from /Users/abdelrahman/Desktop/Semester_9/DE/Project/Project1/Project-Final/Project-repo/project-milestone-1-hakuna-matata/airflow/dags/Project1.py
[2020-12-24 22:46:00,478] {scheduler_job.py:1574} INFO - DAG(s) dict_keys(['data-cleaning-and-integratio']) retrieved from /Users/abdelrahman/Desktop/Semester_9/DE/Project/Project1/Project-Final/Project-repo/project-milestone-1-hakuna-matata/airflow/dags/Project1.py
[2020-12-24 22:46:00,497] {scheduler_job.py:1284} INFO - Processing data-cleaning-and-integratio
[2020-12-24 22:46:00,514] {scheduler_job.py:1294} INFO - Created <DagRun data-cleaning-and-integratio @ 2020-12-17T00:00:00+00:00: scheduled__2020-12-17T00:00:00+00:00, externally triggered: False>
[2020-12-24 22:46:00,516] {scheduler_job.py:759} INFO - Examining DAG run <DagRun data-cleaning-and-integratio @ 2020-12-17 00:00:00+00:00: scheduled__2020-12-17T00:00:00+00:00, externally triggered: False>
[2020-12-24 22:46:00,530] {scheduler_job.py:447} INFO - Skipping SLA check for <DAG: data-cleaning-and-integratio> because no tasks in DAG have SLAs
[2020-12-24 22:46:00,533] {scheduler_job.py:1640} INFO - Creating / updating <TaskInstance: data-cleaning-and-integratio.extract_data 2020-12-17 00:00:00+00:00 [scheduled]> in ORM
[2020-12-24 22:46:00,538] {scheduler_job.py:162} INFO - Processing /Users/abdelrahman/Desktop/Semester_9/DE/Project/Project1/Project-Final/Project-repo/project-milestone-1-hakuna-matata/airflow/dags/Project1.py took 0.591 seconds
[2020-12-24 22:47:01,279] {scheduler_job.py:154} INFO - Started process (PID=4731) to work on /Users/abdelrahman/Desktop/Semester_9/DE/Project/Project1/Project-Final/Project-repo/project-milestone-1-hakuna-matata/airflow/dags/Project1.py
[2020-12-24 22:47:01,285] {scheduler_job.py:1562} INFO - Processing file /Users/abdelrahman/Desktop/Semester_9/DE/Project/Project1/Project-Final/Project-repo/project-milestone-1-hakuna-matata/airflow/dags/Project1.py for tasks to queue
[2020-12-24 22:47:01,286] {logging_mixin.py:112} INFO - [2020-12-24 22:47:01,286] {dagbag.py:396} INFO - Filling up the DagBag from /Users/abdelrahman/Desktop/Semester_9/DE/Project/Project1/Project-Final/Project-repo/project-milestone-1-hakuna-matata/airflow/dags/Project1.py
[2020-12-24 22:47:01,886] {scheduler_job.py:1574} INFO - DAG(s) dict_keys(['data-cleaning-and-integratio']) retrieved from /Users/abdelrahman/Desktop/Semester_9/DE/Project/Project1/Project-Final/Project-repo/project-milestone-1-hakuna-matata/airflow/dags/Project1.py
[2020-12-24 22:47:01,910] {scheduler_job.py:1284} INFO - Processing data-cleaning-and-integratio
[2020-12-24 22:47:01,918] {scheduler_job.py:759} INFO - Examining DAG run <DagRun data-cleaning-and-integratio @ 2020-12-17 00:00:00+00:00: scheduled__2020-12-17T00:00:00+00:00, externally triggered: False>
[2020-12-24 22:47:01,933] {scheduler_job.py:759} INFO - Examining DAG run <DagRun data-cleaning-and-integratio @ 2020-12-24 20:46:03.820919+00:00: manual__2020-12-24T20:46:03.820919+00:00, externally triggered: True>
[2020-12-24 22:47:01,959] {scheduler_job.py:447} INFO - Skipping SLA check for <DAG: data-cleaning-and-integratio> because no tasks in DAG have SLAs
[2020-12-24 22:47:01,962] {scheduler_job.py:1640} INFO - Creating / updating <TaskInstance: data-cleaning-and-integratio.extract_data 2020-12-24 20:46:03.820919+00:00 [scheduled]> in ORM
[2020-12-24 22:47:01,968] {scheduler_job.py:162} INFO - Processing /Users/abdelrahman/Desktop/Semester_9/DE/Project/Project1/Project-Final/Project-repo/project-milestone-1-hakuna-matata/airflow/dags/Project1.py took 0.689 seconds
[2020-12-24 22:48:02,615] {scheduler_job.py:154} INFO - Started process (PID=4879) to work on /Users/abdelrahman/Desktop/Semester_9/DE/Project/Project1/Project-Final/Project-repo/project-milestone-1-hakuna-matata/airflow/dags/Project1.py
[2020-12-24 22:48:02,621] {scheduler_job.py:1562} INFO - Processing file /Users/abdelrahman/Desktop/Semester_9/DE/Project/Project1/Project-Final/Project-repo/project-milestone-1-hakuna-matata/airflow/dags/Project1.py for tasks to queue
[2020-12-24 22:48:02,622] {logging_mixin.py:112} INFO - [2020-12-24 22:48:02,621] {dagbag.py:396} INFO - Filling up the DagBag from /Users/abdelrahman/Desktop/Semester_9/DE/Project/Project1/Project-Final/Project-repo/project-milestone-1-hakuna-matata/airflow/dags/Project1.py
[2020-12-24 22:48:03,219] {scheduler_job.py:1574} INFO - DAG(s) dict_keys(['data-cleaning-and-integratio']) retrieved from /Users/abdelrahman/Desktop/Semester_9/DE/Project/Project1/Project-Final/Project-repo/project-milestone-1-hakuna-matata/airflow/dags/Project1.py
[2020-12-24 22:48:03,240] {scheduler_job.py:1284} INFO - Processing data-cleaning-and-integratio
[2020-12-24 22:48:03,248] {scheduler_job.py:759} INFO - Examining DAG run <DagRun data-cleaning-and-integratio @ 2020-12-17 00:00:00+00:00: scheduled__2020-12-17T00:00:00+00:00, externally triggered: False>
[2020-12-24 22:48:03,255] {logging_mixin.py:112} INFO - [2020-12-24 22:48:03,255] {dagrun.py:309} INFO - Marking run <DagRun data-cleaning-and-integratio @ 2020-12-17 00:00:00+00:00: scheduled__2020-12-17T00:00:00+00:00, externally triggered: False> failed
[2020-12-24 22:48:03,258] {scheduler_job.py:759} INFO - Examining DAG run <DagRun data-cleaning-and-integratio @ 2020-12-24 20:46:03.820919+00:00: manual__2020-12-24T20:46:03.820919+00:00, externally triggered: True>
[2020-12-24 22:48:03,273] {scheduler_job.py:759} INFO - Examining DAG run <DagRun data-cleaning-and-integratio @ 2020-12-24 20:48:02.080956+00:00: manual__2020-12-24T20:48:02.080956+00:00, externally triggered: True>
[2020-12-24 22:48:03,299] {scheduler_job.py:447} INFO - Skipping SLA check for <DAG: data-cleaning-and-integratio> because no tasks in DAG have SLAs
[2020-12-24 22:48:03,302] {scheduler_job.py:1640} INFO - Creating / updating <TaskInstance: data-cleaning-and-integratio.extract_data 2020-12-24 20:48:02.080956+00:00 [scheduled]> in ORM
[2020-12-24 22:48:03,308] {scheduler_job.py:162} INFO - Processing /Users/abdelrahman/Desktop/Semester_9/DE/Project/Project1/Project-Final/Project-repo/project-milestone-1-hakuna-matata/airflow/dags/Project1.py took 0.693 seconds
[2020-12-24 22:49:03,913] {scheduler_job.py:154} INFO - Started process (PID=5031) to work on /Users/abdelrahman/Desktop/Semester_9/DE/Project/Project1/Project-Final/Project-repo/project-milestone-1-hakuna-matata/airflow/dags/Project1.py
[2020-12-24 22:49:03,920] {scheduler_job.py:1562} INFO - Processing file /Users/abdelrahman/Desktop/Semester_9/DE/Project/Project1/Project-Final/Project-repo/project-milestone-1-hakuna-matata/airflow/dags/Project1.py for tasks to queue
[2020-12-24 22:49:03,921] {logging_mixin.py:112} INFO - [2020-12-24 22:49:03,921] {dagbag.py:396} INFO - Filling up the DagBag from /Users/abdelrahman/Desktop/Semester_9/DE/Project/Project1/Project-Final/Project-repo/project-milestone-1-hakuna-matata/airflow/dags/Project1.py
[2020-12-24 22:49:04,523] {scheduler_job.py:1574} INFO - DAG(s) dict_keys(['data-cleaning-and-integratio']) retrieved from /Users/abdelrahman/Desktop/Semester_9/DE/Project/Project1/Project-Final/Project-repo/project-milestone-1-hakuna-matata/airflow/dags/Project1.py
[2020-12-24 22:49:04,537] {scheduler_job.py:162} INFO - Processing /Users/abdelrahman/Desktop/Semester_9/DE/Project/Project1/Project-Final/Project-repo/project-milestone-1-hakuna-matata/airflow/dags/Project1.py took 0.624 seconds
[2020-12-24 22:49:54,033] {scheduler_job.py:154} INFO - Started process (PID=5092) to work on /Users/abdelrahman/Desktop/Semester_9/DE/Project/Project1/Project-Final/Project-repo/project-milestone-1-hakuna-matata/airflow/dags/Project1.py
[2020-12-24 22:49:54,039] {scheduler_job.py:1562} INFO - Processing file /Users/abdelrahman/Desktop/Semester_9/DE/Project/Project1/Project-Final/Project-repo/project-milestone-1-hakuna-matata/airflow/dags/Project1.py for tasks to queue
[2020-12-24 22:49:54,040] {logging_mixin.py:112} INFO - [2020-12-24 22:49:54,040] {dagbag.py:396} INFO - Filling up the DagBag from /Users/abdelrahman/Desktop/Semester_9/DE/Project/Project1/Project-Final/Project-repo/project-milestone-1-hakuna-matata/airflow/dags/Project1.py
[2020-12-24 22:49:54,552] {scheduler_job.py:1574} INFO - DAG(s) dict_keys(['data-cleaning-and-integratio']) retrieved from /Users/abdelrahman/Desktop/Semester_9/DE/Project/Project1/Project-Final/Project-repo/project-milestone-1-hakuna-matata/airflow/dags/Project1.py
[2020-12-24 22:49:54,570] {scheduler_job.py:1284} INFO - Processing data-cleaning-and-integratio
[2020-12-24 22:49:54,576] {scheduler_job.py:759} INFO - Examining DAG run <DagRun data-cleaning-and-integratio @ 2020-12-24 20:46:03.820919+00:00: manual__2020-12-24T20:46:03.820919+00:00, externally triggered: True>
[2020-12-24 22:49:54,582] {logging_mixin.py:112} INFO - [2020-12-24 22:49:54,582] {dagrun.py:309} INFO - Marking run <DagRun data-cleaning-and-integratio @ 2020-12-24 20:46:03.820919+00:00: manual__2020-12-24T20:46:03.820919+00:00, externally triggered: True> failed
[2020-12-24 22:49:54,585] {scheduler_job.py:759} INFO - Examining DAG run <DagRun data-cleaning-and-integratio @ 2020-12-24 20:48:02.080956+00:00: manual__2020-12-24T20:48:02.080956+00:00, externally triggered: True>
[2020-12-24 22:49:54,593] {scheduler_job.py:759} INFO - Examining DAG run <DagRun data-cleaning-and-integratio @ 2020-12-24 20:49:11.906845+00:00: manual__2020-12-24T20:49:11.906845+00:00, externally triggered: True>
[2020-12-24 22:49:54,613] {scheduler_job.py:447} INFO - Skipping SLA check for <DAG: data-cleaning-and-integratio> because no tasks in DAG have SLAs
[2020-12-24 22:49:54,616] {scheduler_job.py:1640} INFO - Creating / updating <TaskInstance: data-cleaning-and-integratio.transform_data 2020-12-24 20:48:02.080956+00:00 [scheduled]> in ORM
[2020-12-24 22:49:54,618] {scheduler_job.py:1640} INFO - Creating / updating <TaskInstance: data-cleaning-and-integratio.extract_data 2020-12-24 20:49:11.906845+00:00 [scheduled]> in ORM
[2020-12-24 22:49:54,624] {scheduler_job.py:162} INFO - Processing /Users/abdelrahman/Desktop/Semester_9/DE/Project/Project1/Project-Final/Project-repo/project-milestone-1-hakuna-matata/airflow/dags/Project1.py took 0.591 seconds
[2020-12-24 22:51:43,310] {scheduler_job.py:154} INFO - Started process (PID=5239) to work on /Users/abdelrahman/Desktop/Semester_9/DE/Project/Project1/Project-Final/Project-repo/project-milestone-1-hakuna-matata/airflow/dags/Project1.py
[2020-12-24 22:51:43,317] {scheduler_job.py:1562} INFO - Processing file /Users/abdelrahman/Desktop/Semester_9/DE/Project/Project1/Project-Final/Project-repo/project-milestone-1-hakuna-matata/airflow/dags/Project1.py for tasks to queue
[2020-12-24 22:51:43,318] {logging_mixin.py:112} INFO - [2020-12-24 22:51:43,318] {dagbag.py:396} INFO - Filling up the DagBag from /Users/abdelrahman/Desktop/Semester_9/DE/Project/Project1/Project-Final/Project-repo/project-milestone-1-hakuna-matata/airflow/dags/Project1.py
[2020-12-24 22:51:43,795] {scheduler_job.py:1574} INFO - DAG(s) dict_keys(['data-cleaning-and-integratio']) retrieved from /Users/abdelrahman/Desktop/Semester_9/DE/Project/Project1/Project-Final/Project-repo/project-milestone-1-hakuna-matata/airflow/dags/Project1.py
[2020-12-24 22:51:43,813] {scheduler_job.py:1284} INFO - Processing data-cleaning-and-integratio
[2020-12-24 22:51:43,820] {scheduler_job.py:759} INFO - Examining DAG run <DagRun data-cleaning-and-integratio @ 2020-12-24 20:48:02.080956+00:00: manual__2020-12-24T20:48:02.080956+00:00, externally triggered: True>
[2020-12-24 22:51:43,833] {scheduler_job.py:759} INFO - Examining DAG run <DagRun data-cleaning-and-integratio @ 2020-12-24 20:49:11.906845+00:00: manual__2020-12-24T20:49:11.906845+00:00, externally triggered: True>
[2020-12-24 22:51:43,840] {scheduler_job.py:759} INFO - Examining DAG run <DagRun data-cleaning-and-integratio @ 2020-12-24 20:51:32.511659+00:00: manual__2020-12-24T20:51:32.511659+00:00, externally triggered: True>
[2020-12-24 22:51:43,861] {scheduler_job.py:447} INFO - Skipping SLA check for <DAG: data-cleaning-and-integratio> because no tasks in DAG have SLAs
[2020-12-24 22:51:43,863] {scheduler_job.py:1640} INFO - Creating / updating <TaskInstance: data-cleaning-and-integratio.transform_data 2020-12-24 20:49:11.906845+00:00 [scheduled]> in ORM
[2020-12-24 22:51:43,865] {scheduler_job.py:1640} INFO - Creating / updating <TaskInstance: data-cleaning-and-integratio.extract_data 2020-12-24 20:51:32.511659+00:00 [scheduled]> in ORM
[2020-12-24 22:51:43,870] {scheduler_job.py:162} INFO - Processing /Users/abdelrahman/Desktop/Semester_9/DE/Project/Project1/Project-Final/Project-repo/project-milestone-1-hakuna-matata/airflow/dags/Project1.py took 0.560 seconds
[2020-12-24 22:52:56,662] {scheduler_job.py:154} INFO - Started process (PID=5393) to work on /Users/abdelrahman/Desktop/Semester_9/DE/Project/Project1/Project-Final/Project-repo/project-milestone-1-hakuna-matata/airflow/dags/Project1.py
[2020-12-24 22:52:56,668] {scheduler_job.py:1562} INFO - Processing file /Users/abdelrahman/Desktop/Semester_9/DE/Project/Project1/Project-Final/Project-repo/project-milestone-1-hakuna-matata/airflow/dags/Project1.py for tasks to queue
[2020-12-24 22:52:56,669] {logging_mixin.py:112} INFO - [2020-12-24 22:52:56,669] {dagbag.py:396} INFO - Filling up the DagBag from /Users/abdelrahman/Desktop/Semester_9/DE/Project/Project1/Project-Final/Project-repo/project-milestone-1-hakuna-matata/airflow/dags/Project1.py
[2020-12-24 22:52:57,261] {scheduler_job.py:1574} INFO - DAG(s) dict_keys(['data-cleaning-and-integration']) retrieved from /Users/abdelrahman/Desktop/Semester_9/DE/Project/Project1/Project-Final/Project-repo/project-milestone-1-hakuna-matata/airflow/dags/Project1.py
[2020-12-24 22:52:57,266] {logging_mixin.py:112} INFO - [2020-12-24 22:52:57,266] {dag.py:1501} INFO - Creating ORM DAG for data-cleaning-and-integration
[2020-12-24 22:52:57,273] {scheduler_job.py:162} INFO - Processing /Users/abdelrahman/Desktop/Semester_9/DE/Project/Project1/Project-Final/Project-repo/project-milestone-1-hakuna-matata/airflow/dags/Project1.py took 0.612 seconds
[2020-12-24 22:53:46,789] {scheduler_job.py:154} INFO - Started process (PID=5501) to work on /Users/abdelrahman/Desktop/Semester_9/DE/Project/Project1/Project-Final/Project-repo/project-milestone-1-hakuna-matata/airflow/dags/Project1.py
[2020-12-24 22:53:46,796] {scheduler_job.py:1562} INFO - Processing file /Users/abdelrahman/Desktop/Semester_9/DE/Project/Project1/Project-Final/Project-repo/project-milestone-1-hakuna-matata/airflow/dags/Project1.py for tasks to queue
[2020-12-24 22:53:46,797] {logging_mixin.py:112} INFO - [2020-12-24 22:53:46,797] {dagbag.py:396} INFO - Filling up the DagBag from /Users/abdelrahman/Desktop/Semester_9/DE/Project/Project1/Project-Final/Project-repo/project-milestone-1-hakuna-matata/airflow/dags/Project1.py
[2020-12-24 22:53:47,328] {scheduler_job.py:1574} INFO - DAG(s) dict_keys(['data-cleaning-and-integration']) retrieved from /Users/abdelrahman/Desktop/Semester_9/DE/Project/Project1/Project-Final/Project-repo/project-milestone-1-hakuna-matata/airflow/dags/Project1.py
[2020-12-24 22:53:47,338] {scheduler_job.py:162} INFO - Processing /Users/abdelrahman/Desktop/Semester_9/DE/Project/Project1/Project-Final/Project-repo/project-milestone-1-hakuna-matata/airflow/dags/Project1.py took 0.549 seconds
[2020-12-24 22:55:23,349] {scheduler_job.py:154} INFO - Started process (PID=5710) to work on /Users/abdelrahman/Desktop/Semester_9/DE/Project/Project1/Project-Final/Project-repo/project-milestone-1-hakuna-matata/airflow/dags/Project1.py
[2020-12-24 22:55:23,355] {scheduler_job.py:1562} INFO - Processing file /Users/abdelrahman/Desktop/Semester_9/DE/Project/Project1/Project-Final/Project-repo/project-milestone-1-hakuna-matata/airflow/dags/Project1.py for tasks to queue
[2020-12-24 22:55:23,356] {logging_mixin.py:112} INFO - [2020-12-24 22:55:23,356] {dagbag.py:396} INFO - Filling up the DagBag from /Users/abdelrahman/Desktop/Semester_9/DE/Project/Project1/Project-Final/Project-repo/project-milestone-1-hakuna-matata/airflow/dags/Project1.py
[2020-12-24 22:55:23,856] {scheduler_job.py:1574} INFO - DAG(s) dict_keys(['data-cleaning-and-integration']) retrieved from /Users/abdelrahman/Desktop/Semester_9/DE/Project/Project1/Project-Final/Project-repo/project-milestone-1-hakuna-matata/airflow/dags/Project1.py
[2020-12-24 22:55:23,873] {scheduler_job.py:1284} INFO - Processing data-cleaning-and-integration
[2020-12-24 22:55:23,888] {scheduler_job.py:1294} INFO - Created <DagRun data-cleaning-and-integration @ 2020-12-17T00:00:00+00:00: scheduled__2020-12-17T00:00:00+00:00, externally triggered: False>
[2020-12-24 22:55:23,890] {scheduler_job.py:759} INFO - Examining DAG run <DagRun data-cleaning-and-integration @ 2020-12-17 00:00:00+00:00: scheduled__2020-12-17T00:00:00+00:00, externally triggered: False>
[2020-12-24 22:55:23,895] {scheduler_job.py:759} INFO - Examining DAG run <DagRun data-cleaning-and-integration @ 2020-12-24 20:55:01.045012+00:00: manual__2020-12-24T20:55:01.045012+00:00, externally triggered: True>
[2020-12-24 22:55:23,912] {scheduler_job.py:447} INFO - Skipping SLA check for <DAG: data-cleaning-and-integration> because no tasks in DAG have SLAs
[2020-12-24 22:55:23,914] {scheduler_job.py:1640} INFO - Creating / updating <TaskInstance: data-cleaning-and-integration.extract_data 2020-12-17 00:00:00+00:00 [scheduled]> in ORM
[2020-12-24 22:55:23,916] {scheduler_job.py:1640} INFO - Creating / updating <TaskInstance: data-cleaning-and-integration.extract_data 2020-12-24 20:55:01.045012+00:00 [scheduled]> in ORM
[2020-12-24 22:55:23,923] {scheduler_job.py:162} INFO - Processing /Users/abdelrahman/Desktop/Semester_9/DE/Project/Project1/Project-Final/Project-repo/project-milestone-1-hakuna-matata/airflow/dags/Project1.py took 0.574 seconds
[2020-12-24 22:56:36,714] {scheduler_job.py:154} INFO - Started process (PID=5901) to work on /Users/abdelrahman/Desktop/Semester_9/DE/Project/Project1/Project-Final/Project-repo/project-milestone-1-hakuna-matata/airflow/dags/Project1.py
[2020-12-24 22:56:36,721] {scheduler_job.py:1562} INFO - Processing file /Users/abdelrahman/Desktop/Semester_9/DE/Project/Project1/Project-Final/Project-repo/project-milestone-1-hakuna-matata/airflow/dags/Project1.py for tasks to queue
[2020-12-24 22:56:36,722] {logging_mixin.py:112} INFO - [2020-12-24 22:56:36,721] {dagbag.py:396} INFO - Filling up the DagBag from /Users/abdelrahman/Desktop/Semester_9/DE/Project/Project1/Project-Final/Project-repo/project-milestone-1-hakuna-matata/airflow/dags/Project1.py
[2020-12-24 22:56:37,233] {scheduler_job.py:1574} INFO - DAG(s) dict_keys(['data-cleaning-and-integration']) retrieved from /Users/abdelrahman/Desktop/Semester_9/DE/Project/Project1/Project-Final/Project-repo/project-milestone-1-hakuna-matata/airflow/dags/Project1.py
[2020-12-24 22:56:37,253] {scheduler_job.py:1284} INFO - Processing data-cleaning-and-integration
[2020-12-24 22:56:37,259] {scheduler_job.py:759} INFO - Examining DAG run <DagRun data-cleaning-and-integration @ 2020-12-17 00:00:00+00:00: scheduled__2020-12-17T00:00:00+00:00, externally triggered: False>
[2020-12-24 22:56:37,267] {scheduler_job.py:759} INFO - Examining DAG run <DagRun data-cleaning-and-integration @ 2020-12-24 20:55:01.045012+00:00: manual__2020-12-24T20:55:01.045012+00:00, externally triggered: True>
[2020-12-24 22:56:37,285] {scheduler_job.py:447} INFO - Skipping SLA check for <DAG: data-cleaning-and-integration> because no tasks in DAG have SLAs
[2020-12-24 22:56:37,287] {scheduler_job.py:1640} INFO - Creating / updating <TaskInstance: data-cleaning-and-integration.transform_data 2020-12-17 00:00:00+00:00 [scheduled]> in ORM
[2020-12-24 22:56:37,290] {scheduler_job.py:1640} INFO - Creating / updating <TaskInstance: data-cleaning-and-integration.transform_data 2020-12-24 20:55:01.045012+00:00 [scheduled]> in ORM
[2020-12-24 22:56:37,297] {scheduler_job.py:162} INFO - Processing /Users/abdelrahman/Desktop/Semester_9/DE/Project/Project1/Project-Final/Project-repo/project-milestone-1-hakuna-matata/airflow/dags/Project1.py took 0.583 seconds
[2020-12-24 23:02:15,394] {scheduler_job.py:154} INFO - Started process (PID=6523) to work on /Users/abdelrahman/Desktop/Semester_9/DE/Project/Project1/Project-Final/Project-repo/project-milestone-1-hakuna-matata/airflow/dags/Project1.py
[2020-12-24 23:02:15,401] {scheduler_job.py:1562} INFO - Processing file /Users/abdelrahman/Desktop/Semester_9/DE/Project/Project1/Project-Final/Project-repo/project-milestone-1-hakuna-matata/airflow/dags/Project1.py for tasks to queue
[2020-12-24 23:02:15,402] {logging_mixin.py:112} INFO - [2020-12-24 23:02:15,402] {dagbag.py:396} INFO - Filling up the DagBag from /Users/abdelrahman/Desktop/Semester_9/DE/Project/Project1/Project-Final/Project-repo/project-milestone-1-hakuna-matata/airflow/dags/Project1.py
[2020-12-24 23:02:15,967] {scheduler_job.py:1574} INFO - DAG(s) dict_keys(['data-cleaning-and-integration']) retrieved from /Users/abdelrahman/Desktop/Semester_9/DE/Project/Project1/Project-Final/Project-repo/project-milestone-1-hakuna-matata/airflow/dags/Project1.py
[2020-12-24 23:02:15,985] {scheduler_job.py:1284} INFO - Processing data-cleaning-and-integration
[2020-12-24 23:02:15,992] {scheduler_job.py:759} INFO - Examining DAG run <DagRun data-cleaning-and-integration @ 2020-12-17 00:00:00+00:00: scheduled__2020-12-17T00:00:00+00:00, externally triggered: False>
[2020-12-24 23:02:16,029] {scheduler_job.py:759} INFO - Examining DAG run <DagRun data-cleaning-and-integration @ 2020-12-24 20:55:01.045012+00:00: manual__2020-12-24T20:55:01.045012+00:00, externally triggered: True>
[2020-12-24 23:02:16,047] {scheduler_job.py:447} INFO - Skipping SLA check for <DAG: data-cleaning-and-integration> because no tasks in DAG have SLAs
[2020-12-24 23:02:16,049] {scheduler_job.py:162} INFO - Processing /Users/abdelrahman/Desktop/Semester_9/DE/Project/Project1/Project-Final/Project-repo/project-milestone-1-hakuna-matata/airflow/dags/Project1.py took 0.655 seconds
[2020-12-24 23:03:05,497] {scheduler_job.py:154} INFO - Started process (PID=6641) to work on /Users/abdelrahman/Desktop/Semester_9/DE/Project/Project1/Project-Final/Project-repo/project-milestone-1-hakuna-matata/airflow/dags/Project1.py
[2020-12-24 23:03:05,503] {scheduler_job.py:1562} INFO - Processing file /Users/abdelrahman/Desktop/Semester_9/DE/Project/Project1/Project-Final/Project-repo/project-milestone-1-hakuna-matata/airflow/dags/Project1.py for tasks to queue
[2020-12-24 23:03:05,504] {logging_mixin.py:112} INFO - [2020-12-24 23:03:05,504] {dagbag.py:396} INFO - Filling up the DagBag from /Users/abdelrahman/Desktop/Semester_9/DE/Project/Project1/Project-Final/Project-repo/project-milestone-1-hakuna-matata/airflow/dags/Project1.py
[2020-12-24 23:03:06,078] {scheduler_job.py:1574} INFO - DAG(s) dict_keys(['data-cleaning-and-integration']) retrieved from /Users/abdelrahman/Desktop/Semester_9/DE/Project/Project1/Project-Final/Project-repo/project-milestone-1-hakuna-matata/airflow/dags/Project1.py
[2020-12-24 23:03:06,097] {scheduler_job.py:1284} INFO - Processing data-cleaning-and-integration
[2020-12-24 23:03:06,103] {scheduler_job.py:759} INFO - Examining DAG run <DagRun data-cleaning-and-integration @ 2020-12-17 00:00:00+00:00: scheduled__2020-12-17T00:00:00+00:00, externally triggered: False>
[2020-12-24 23:03:06,111] {logging_mixin.py:112} INFO - [2020-12-24 23:03:06,110] {dagrun.py:309} INFO - Marking run <DagRun data-cleaning-and-integration @ 2020-12-17 00:00:00+00:00: scheduled__2020-12-17T00:00:00+00:00, externally triggered: False> failed
[2020-12-24 23:03:06,113] {scheduler_job.py:759} INFO - Examining DAG run <DagRun data-cleaning-and-integration @ 2020-12-24 20:55:01.045012+00:00: manual__2020-12-24T20:55:01.045012+00:00, externally triggered: True>
[2020-12-24 23:03:06,120] {logging_mixin.py:112} INFO - [2020-12-24 23:03:06,119] {dagrun.py:309} INFO - Marking run <DagRun data-cleaning-and-integration @ 2020-12-24 20:55:01.045012+00:00: manual__2020-12-24T20:55:01.045012+00:00, externally triggered: True> failed
[2020-12-24 23:03:06,122] {scheduler_job.py:447} INFO - Skipping SLA check for <DAG: data-cleaning-and-integration> because no tasks in DAG have SLAs
[2020-12-24 23:03:06,124] {scheduler_job.py:162} INFO - Processing /Users/abdelrahman/Desktop/Semester_9/DE/Project/Project1/Project-Final/Project-repo/project-milestone-1-hakuna-matata/airflow/dags/Project1.py took 0.628 seconds
[2020-12-24 23:03:55,615] {scheduler_job.py:154} INFO - Started process (PID=6753) to work on /Users/abdelrahman/Desktop/Semester_9/DE/Project/Project1/Project-Final/Project-repo/project-milestone-1-hakuna-matata/airflow/dags/Project1.py
[2020-12-24 23:03:55,621] {scheduler_job.py:1562} INFO - Processing file /Users/abdelrahman/Desktop/Semester_9/DE/Project/Project1/Project-Final/Project-repo/project-milestone-1-hakuna-matata/airflow/dags/Project1.py for tasks to queue
[2020-12-24 23:03:55,622] {logging_mixin.py:112} INFO - [2020-12-24 23:03:55,622] {dagbag.py:396} INFO - Filling up the DagBag from /Users/abdelrahman/Desktop/Semester_9/DE/Project/Project1/Project-Final/Project-repo/project-milestone-1-hakuna-matata/airflow/dags/Project1.py
[2020-12-24 23:03:56,113] {scheduler_job.py:1574} INFO - DAG(s) dict_keys(['data-cleaning-and-integration']) retrieved from /Users/abdelrahman/Desktop/Semester_9/DE/Project/Project1/Project-Final/Project-repo/project-milestone-1-hakuna-matata/airflow/dags/Project1.py
[2020-12-24 23:03:56,128] {scheduler_job.py:1284} INFO - Processing data-cleaning-and-integration
[2020-12-24 23:03:56,134] {scheduler_job.py:447} INFO - Skipping SLA check for <DAG: data-cleaning-and-integration> because no tasks in DAG have SLAs
[2020-12-24 23:03:56,136] {scheduler_job.py:162} INFO - Processing /Users/abdelrahman/Desktop/Semester_9/DE/Project/Project1/Project-Final/Project-repo/project-milestone-1-hakuna-matata/airflow/dags/Project1.py took 0.521 seconds
[2020-12-24 23:05:37,557] {scheduler_job.py:154} INFO - Started process (PID=6982) to work on /Users/abdelrahman/Desktop/Semester_9/DE/Project/Project1/Project-Final/Project-repo/project-milestone-1-hakuna-matata/airflow/dags/Project1.py
[2020-12-24 23:05:37,563] {scheduler_job.py:1562} INFO - Processing file /Users/abdelrahman/Desktop/Semester_9/DE/Project/Project1/Project-Final/Project-repo/project-milestone-1-hakuna-matata/airflow/dags/Project1.py for tasks to queue
[2020-12-24 23:05:37,564] {logging_mixin.py:112} INFO - [2020-12-24 23:05:37,564] {dagbag.py:396} INFO - Filling up the DagBag from /Users/abdelrahman/Desktop/Semester_9/DE/Project/Project1/Project-Final/Project-repo/project-milestone-1-hakuna-matata/airflow/dags/Project1.py
[2020-12-24 23:05:38,062] {scheduler_job.py:1574} INFO - DAG(s) dict_keys(['data-cleaning-and-integration']) retrieved from /Users/abdelrahman/Desktop/Semester_9/DE/Project/Project1/Project-Final/Project-repo/project-milestone-1-hakuna-matata/airflow/dags/Project1.py
[2020-12-24 23:05:38,082] {scheduler_job.py:1284} INFO - Processing data-cleaning-and-integration
[2020-12-24 23:05:38,088] {scheduler_job.py:759} INFO - Examining DAG run <DagRun data-cleaning-and-integration @ 2020-12-24 21:05:25.907747+00:00: manual__2020-12-24T21:05:25.907747+00:00, externally triggered: True>
[2020-12-24 23:05:38,101] {scheduler_job.py:447} INFO - Skipping SLA check for <DAG: data-cleaning-and-integration> because no tasks in DAG have SLAs
[2020-12-24 23:05:38,103] {scheduler_job.py:1640} INFO - Creating / updating <TaskInstance: data-cleaning-and-integration.extract_data 2020-12-24 21:05:25.907747+00:00 [scheduled]> in ORM
[2020-12-24 23:05:38,108] {scheduler_job.py:162} INFO - Processing /Users/abdelrahman/Desktop/Semester_9/DE/Project/Project1/Project-Final/Project-repo/project-milestone-1-hakuna-matata/airflow/dags/Project1.py took 0.551 seconds
[2020-12-24 23:06:38,764] {scheduler_job.py:154} INFO - Started process (PID=7117) to work on /Users/abdelrahman/Desktop/Semester_9/DE/Project/Project1/Project-Final/Project-repo/project-milestone-1-hakuna-matata/airflow/dags/Project1.py
[2020-12-24 23:06:38,771] {scheduler_job.py:1562} INFO - Processing file /Users/abdelrahman/Desktop/Semester_9/DE/Project/Project1/Project-Final/Project-repo/project-milestone-1-hakuna-matata/airflow/dags/Project1.py for tasks to queue
[2020-12-24 23:06:38,772] {logging_mixin.py:112} INFO - [2020-12-24 23:06:38,771] {dagbag.py:396} INFO - Filling up the DagBag from /Users/abdelrahman/Desktop/Semester_9/DE/Project/Project1/Project-Final/Project-repo/project-milestone-1-hakuna-matata/airflow/dags/Project1.py
[2020-12-24 23:06:39,284] {scheduler_job.py:1574} INFO - DAG(s) dict_keys(['data-cleaning-and-integration']) retrieved from /Users/abdelrahman/Desktop/Semester_9/DE/Project/Project1/Project-Final/Project-repo/project-milestone-1-hakuna-matata/airflow/dags/Project1.py
[2020-12-24 23:06:39,303] {scheduler_job.py:1284} INFO - Processing data-cleaning-and-integration
[2020-12-24 23:06:39,309] {scheduler_job.py:759} INFO - Examining DAG run <DagRun data-cleaning-and-integration @ 2020-12-24 21:05:25.907747+00:00: manual__2020-12-24T21:05:25.907747+00:00, externally triggered: True>
[2020-12-24 23:06:39,324] {scheduler_job.py:447} INFO - Skipping SLA check for <DAG: data-cleaning-and-integration> because no tasks in DAG have SLAs
[2020-12-24 23:06:39,326] {scheduler_job.py:1640} INFO - Creating / updating <TaskInstance: data-cleaning-and-integration.transform_data 2020-12-24 21:05:25.907747+00:00 [scheduled]> in ORM
[2020-12-24 23:06:39,333] {scheduler_job.py:162} INFO - Processing /Users/abdelrahman/Desktop/Semester_9/DE/Project/Project1/Project-Final/Project-repo/project-milestone-1-hakuna-matata/airflow/dags/Project1.py took 0.569 seconds
[2020-12-24 23:10:05,407] {scheduler_job.py:154} INFO - Started process (PID=7417) to work on /Users/abdelrahman/Desktop/Semester_9/DE/Project/Project1/Project-Final/Project-repo/project-milestone-1-hakuna-matata/airflow/dags/Project1.py
[2020-12-24 23:10:05,413] {scheduler_job.py:1562} INFO - Processing file /Users/abdelrahman/Desktop/Semester_9/DE/Project/Project1/Project-Final/Project-repo/project-milestone-1-hakuna-matata/airflow/dags/Project1.py for tasks to queue
[2020-12-24 23:10:05,414] {logging_mixin.py:112} INFO - [2020-12-24 23:10:05,414] {dagbag.py:396} INFO - Filling up the DagBag from /Users/abdelrahman/Desktop/Semester_9/DE/Project/Project1/Project-Final/Project-repo/project-milestone-1-hakuna-matata/airflow/dags/Project1.py
[2020-12-24 23:10:05,892] {scheduler_job.py:1574} INFO - DAG(s) dict_keys(['data-cleaning-and-integration']) retrieved from /Users/abdelrahman/Desktop/Semester_9/DE/Project/Project1/Project-Final/Project-repo/project-milestone-1-hakuna-matata/airflow/dags/Project1.py
[2020-12-24 23:10:05,911] {scheduler_job.py:1284} INFO - Processing data-cleaning-and-integration
[2020-12-24 23:10:05,917] {scheduler_job.py:759} INFO - Examining DAG run <DagRun data-cleaning-and-integration @ 2020-12-24 21:05:25.907747+00:00: manual__2020-12-24T21:05:25.907747+00:00, externally triggered: True>
[2020-12-24 23:10:05,929] {scheduler_job.py:447} INFO - Skipping SLA check for <DAG: data-cleaning-and-integration> because no tasks in DAG have SLAs
[2020-12-24 23:10:05,931] {scheduler_job.py:1640} INFO - Creating / updating <TaskInstance: data-cleaning-and-integration.store_data 2020-12-24 21:05:25.907747+00:00 [scheduled]> in ORM
[2020-12-24 23:10:05,935] {scheduler_job.py:162} INFO - Processing /Users/abdelrahman/Desktop/Semester_9/DE/Project/Project1/Project-Final/Project-repo/project-milestone-1-hakuna-matata/airflow/dags/Project1.py took 0.529 seconds
